# JRE version: Java(TM) SE Runtime Environment (8.0_101-b13) (build 1.8.0_101-b13)
# Java VM: Java HotSpot(TM) 64-Bit Server VM (25.101-b13 mixed mode bsd-amd64 compressed oops)
Heap:
 PSYoungGen      total 7680K, used 1740K [0x0000000795580000, 0x0000000796480000, 0x00000007c0000000)
  eden space 5632K, 9% used [0x0000000795580000,0x000000079560c7a8,0x0000000795b00000)
  from space 2048K, 57% used [0x0000000795b00000,0x0000000795c26b30,0x0000000795d00000)
  to   space 2048K, 0% used [0x0000000796280000,0x0000000796280000,0x0000000796480000)
 ParOldGen       total 5632K, used 2620K [0x0000000740000000, 0x0000000740580000, 0x0000000795580000)
  object space 5632K, 46% used [0x0000000740000000,0x000000074028f0b0,0x0000000740580000)
 Metaspace       used 6159K, capacity 6284K, committed 6400K, reserved 1056768K
  class space    used 648K, capacity 666K, committed 768K, reserved 1048576K
GC Heap History (10 events):
Event: 0.296 GC heap before
{Heap before GC invocations=3 (full 0):
 PSYoungGen      total 2048K, used 2048K [0x0000000795580000, 0x0000000795980000, 0x00000007c0000000)
  eden space 1536K, 100% used [0x0000000795580000,0x0000000795700000,0x0000000795700000)
  from space 512K, 100% used [0x0000000795780000,0x0000000795800000,0x0000000795800000)
  to   space 512K, 0% used [0x0000000795700000,0x0000000795700000,0x0000000795780000)
 ParOldGen       total 5632K, used 668K [0x0000000740000000, 0x0000000740580000, 0x0000000795580000)
  object space 5632K, 11% used [0x0000000740000000,0x00000007400a7138,0x0000000740580000)
 Metaspace       used 5235K, capacity 5372K, committed 5504K, reserved 1056768K
  class space    used 565K, capacity 596K, committed 640K, reserved 1048576K
Event: 0.297 GC heap after
Heap after GC invocations=3 (full 0):
 PSYoungGen      total 2048K, used 496K [0x0000000795580000, 0x0000000795980000, 0x00000007c0000000)
  eden space 1536K, 0% used [0x0000000795580000,0x0000000795580000,0x0000000795700000)
  from space 512K, 96% used [0x0000000795700000,0x000000079577c020,0x0000000795780000)
  to   space 512K, 0% used [0x0000000795900000,0x0000000795900000,0x0000000795980000)
 ParOldGen       total 5632K, used 1085K [0x0000000740000000, 0x0000000740580000, 0x0000000795580000)
  object space 5632K, 19% used [0x0000000740000000,0x000000074010f590,0x0000000740580000)
 Metaspace       used 5235K, capacity 5372K, committed 5504K, reserved 1056768K
  class space    used 565K, capacity 596K, committed 640K, reserved 1048576K
}
Event: 0.335 GC heap before
{Heap before GC invocations=4 (full 0):
 PSYoungGen      total 2048K, used 2032K [0x0000000795580000, 0x0000000795980000, 0x00000007c0000000)
  eden space 1536K, 100% used [0x0000000795580000,0x0000000795700000,0x0000000795700000)
  from space 512K, 96% used [0x0000000795700000,0x000000079577c020,0x0000000795780000)
  to   space 512K, 0% used [0x0000000795900000,0x0000000795900000,0x0000000795980000)
 ParOldGen       total 5632K, used 1085K [0x0000000740000000, 0x0000000740580000, 0x0000000795580000)
  object space 5632K, 19% used [0x0000000740000000,0x000000074010f590,0x0000000740580000)
 Metaspace       used 5267K, capacity 5378K, committed 5504K, reserved 1056768K
  class space    used 566K, capacity 597K, committed 640K, reserved 1048576K
Event: 0.337 GC heap after
Heap after GC invocations=4 (full 0):
 PSYoungGen      total 3584K, used 512K [0x0000000795580000, 0x0000000795980000, 0x00000007c0000000)
  eden space 3072K, 0% used [0x0000000795580000,0x0000000795580000,0x0000000795880000)
  from space 512K, 100% used [0x0000000795900000,0x0000000795980000,0x0000000795980000)
  to   space 512K, 0% used [0x0000000795880000,0x0000000795880000,0x0000000795900000)
 ParOldGen       total 5632K, used 1421K [0x0000000740000000, 0x0000000740580000, 0x0000000795580000)
  object space 5632K, 25% used [0x0000000740000000,0x00000007401635c0,0x0000000740580000)
 Metaspace       used 5267K, capacity 5378K, committed 5504K, reserved 1056768K
  class space    used 566K, capacity 597K, committed 640K, reserved 1048576K
}
Event: 0.479 GC heap before
{Heap before GC invocations=5 (full 0):
 PSYoungGen      total 3584K, used 3584K [0x0000000795580000, 0x0000000795980000, 0x00000007c0000000)
  eden space 3072K, 100% used [0x0000000795580000,0x0000000795880000,0x0000000795880000)
  from space 512K, 100% used [0x0000000795900000,0x0000000795980000,0x0000000795980000)
  to   space 512K, 0% used [0x0000000795880000,0x0000000795880000,0x0000000795900000)
 ParOldGen       total 5632K, used 1421K [0x0000000740000000, 0x0000000740580000, 0x0000000795580000)
  object space 5632K, 25% used [0x0000000740000000,0x00000007401635c0,0x0000000740580000)
 Metaspace       used 5952K, capacity 6088K, committed 6400K, reserved 1056768K
  class space    used 627K, capacity 662K, committed 768K, reserved 1048576K
Event: 0.482 GC heap after
Heap after GC invocations=5 (full 0):
 PSYoungGen      total 3584K, used 512K [0x0000000795580000, 0x0000000795e80000, 0x00000007c0000000)
  eden space 3072K, 0% used [0x0000000795580000,0x0000000795580000,0x0000000795880000)
  from space 512K, 100% used [0x0000000795880000,0x0000000795900000,0x0000000795900000)
  to   space 1536K, 0% used [0x0000000795d00000,0x0000000795d00000,0x0000000795e80000)
 ParOldGen       total 5632K, used 2410K [0x0000000740000000, 0x0000000740580000, 0x0000000795580000)
  object space 5632K, 42% used [0x0000000740000000,0x000000074025aaa0,0x0000000740580000)
 Metaspace       used 5952K, capacity 6088K, committed 6400K, reserved 1056768K
  class space    used 627K, capacity 662K, committed 768K, reserved 1048576K
}
Event: 1.059 GC heap before
{Heap before GC invocations=6 (full 0):
 PSYoungGen      total 3584K, used 3584K [0x0000000795580000, 0x0000000795e80000, 0x00000007c0000000)
  eden space 3072K, 100% used [0x0000000795580000,0x0000000795880000,0x0000000795880000)
  from space 512K, 100% used [0x0000000795880000,0x0000000795900000,0x0000000795900000)
  to   space 1536K, 0% used [0x0000000795d00000,0x0000000795d00000,0x0000000795e80000)
 ParOldGen       total 5632K, used 2410K [0x0000000740000000, 0x0000000740580000, 0x0000000795580000)
  object space 5632K, 42% used [0x0000000740000000,0x000000074025aaa0,0x0000000740580000)
 Metaspace       used 6008K, capacity 6152K, committed 6400K, reserved 1056768K
  class space    used 629K, capacity 662K, committed 768K, reserved 1048576K
Event: 1.061 GC heap after
Heap after GC invocations=6 (full 0):
 PSYoungGen      total 7168K, used 1402K [0x0000000795580000, 0x0000000795f80000, 0x00000007c0000000)
  eden space 5632K, 0% used [0x0000000795580000,0x0000000795580000,0x0000000795b00000)
  from space 1536K, 91% used [0x0000000795d00000,0x0000000795e5eb30,0x0000000795e80000)
  to   space 2048K, 0% used [0x0000000795b00000,0x0000000795b00000,0x0000000795d00000)
 ParOldGen       total 5632K, used 2410K [0x0000000740000000, 0x0000000740580000, 0x0000000795580000)
  object space 5632K, 42% used [0x0000000740000000,0x000000074025aaa0,0x0000000740580000)
 Metaspace       used 6008K, capacity 6152K, committed 6400K, reserved 1056768K
  class space    used 629K, capacity 662K, committed 768K, reserved 1048576K
}
Event: 1.262 GC heap before
{Heap before GC invocations=7 (full 0):
 PSYoungGen      total 7168K, used 7034K [0x0000000795580000, 0x0000000795f80000, 0x00000007c0000000)
  eden space 5632K, 100% used [0x0000000795580000,0x0000000795b00000,0x0000000795b00000)
  from space 1536K, 91% used [0x0000000795d00000,0x0000000795e5eb30,0x0000000795e80000)
  to   space 2048K, 0% used [0x0000000795b00000,0x0000000795b00000,0x0000000795d00000)
 ParOldGen       total 5632K, used 2410K [0x0000000740000000, 0x0000000740580000, 0x0000000795580000)
  object space 5632K, 42% used [0x0000000740000000,0x000000074025aaa0,0x0000000740580000)
 Metaspace       used 6159K, capacity 6284K, committed 6400K, reserved 1056768K
  class space    used 648K, capacity 666K, committed 768K, reserved 1048576K
Event: 1.264 GC heap after
Heap after GC invocations=7 (full 0):
 PSYoungGen      total 7680K, used 1178K [0x0000000795580000, 0x0000000796480000, 0x00000007c0000000)
  eden space 5632K, 0% used [0x0000000795580000,0x0000000795580000,0x0000000795b00000)
  from space 2048K, 57% used [0x0000000795b00000,0x0000000795c26b30,0x0000000795d00000)
  to   space 2048K, 0% used [0x0000000796280000,0x0000000796280000,0x0000000796480000)
 ParOldGen       total 5632K, used 2620K [0x0000000740000000, 0x0000000740580000, 0x0000000795580000)
  object space 5632K, 46% used [0x0000000740000000,0x000000074028f0b0,0x0000000740580000)
 Metaspace       used 6159K, capacity 6284K, committed 6400K, reserved 1056768K
  class space    used 648K, capacity 666K, committed 768K, reserved 1048576K
}

